<?xml version="1.0" encoding="UTF-8"?>
<!-- Generated by org.testng.reporters.JUnitReportReporter -->
<testsuite hostname="LAPTOP-TL5RCCAK" failures="0" tests="2" name="testcases.LoginAndLogout" time="44.752" errors="0" timestamp="2022-10-12T22:06:27 IST" skipped="0">
  <testcase classname="testcases.LoginAndLogout" name="runLoginAndLogout" time="21.058"/>
  <system-out/>
  <testcase classname="testcases.LoginAndLogout" name="runLoginAndLogout" time="23.694"/>
  <system-out/>
</testsuite> <!-- testcases.LoginAndLogout -->
